<?xml version="1.0" encoding="UTF-8"?>
<!-- Generated by org.testng.reporters.JUnitXMLReporter -->
<testsuite hostname="CSNB0366" ignored="1" name="Test" tests="2" failures="0" timestamp="2021-02-21T14:20:02 IST" time="36.05" errors="0">
  <testcase name="loginTest" time="4.319" classname="com.qa.trialcomplete.tests.LoginTest"/>
  <testcase name="createStudy" time="11.86" classname="com.qa.trialcomplete.tests.CreateStudyTest"/>
  <testcase name="login" time="0.0" classname="com.qa.trialcomplete.tests.CreateStudyTest">
    <ignored/>
  </testcase> <!-- login -->
</testsuite> <!-- Test -->
